{"C:\\Users\\tanai\\OneDrive\\Documents\\GitHub\\ict3x03-team7-frontend\\src\\components\\Footer.jsx": {"path":"C:\\Users\\tanai\\OneDrive\\Documents\\GitHub\\ict3x03-team7-frontend\\src\\components\\Footer.jsx","statementMap":{"0":{"start":{"line":4,"column":20},"end":{"line":8,"column":1}},"1":{"start":{"line":10,"column":18},"end":{"line":13,"column":1}},"2":{"start":{"line":16,"column":2},"end":{"line":23,"column":4}}},"fnMap":{"0":{"name":"Footer","decl":{"start":{"line":15,"column":9},"end":{"line":15,"column":15}},"loc":{"start":{"line":15,"column":18},"end":{"line":24,"column":1}},"line":15}},"branchMap":{},"s":{"0":1,"1":1,"2":1},"f":{"0":1},"b":{},"_coverageSchema":"1a1c01bbd47fc00a2c39e90264f33305004495a9","hash":"a427cad02043cc7c1bc60156442daed9fdb2e5f9"}
}
